core #, data accesses, data misses, dmiss rate, insn accesses, insn misses, imiss rate
0       13512          403             2.9825%  39510          1159            2.9334%

address, data misses, instruction
0x41c4f8 (ptmalloc_init.part.0), 32, 
0x42987c (__tunables_init), 27, 
0x405c04 (getenv), 21, 
0x4297ec (__tunables_init), 16, 
0x429e28 (__tunable_get_val), 10, 
0x41ef9c (_int_malloc), 9, 
0x424730 (__memset_generic), 8, 
0x42a218 (_dl_aux_init), 6, 
0x41e350 (_int_malloc), 5, 
0x42a250 (_dl_aux_init), 5, 
0x429808 (__tunables_init), 4, 
0x42a894 (_dl_non_dynamic_init), 4, 
0x405bfc (getenv), 4, 
0x400d28 (__libc_start_main), 4, 
0x401184 (__libc_setup_tls), 3, 
0x400b1c (read_line), 3, 
0x40b8e4 (__vfscanf_internal), 3, 
0x405b8c (getenv), 3, 
0x413858 (_IO_getline_info), 3, 
0x45d7a8 (__aarch64_cas4_acq), 2, 
0x41a930 (__libc_cleanup_push_defer), 2, 
0x41e5e8 (_int_malloc), 2, 
0x417d00 (_IO_new_file_overflow), 2, 
0x400e58 (__libc_start_main), 2, 
0x409418 (__vfprintf_internal), 2, 
0x447f88 (_IO_file_doallocate), 2, 
0x435ef0 (__ctype_init), 2, 
0x41f928 (malloc), 2, 
0x423604 (__memcpy_sve), 2, 
0x41f8d4 (malloc), 2, 
0x40b5ec (__vfscanf_internal), 2, 
0x429e6c (__tunable_get_val), 2, 

address, fetch misses, instruction
0x45d9f0 (__aarch64_swp4_rel), 8, 
0x415ec0 (new_do_write), 8, 
0x4249c0 (__strlen_mte), 8, 
0x415df0 (new_do_write), 7, 
0x426350 (__libc_write), 7, 
0x4176b0 (_IO_new_do_write), 7, 
0x415ebc (new_do_write), 7, 
0x4235c0 (__memcpy_sve), 7, 
0x415e40 (new_do_write), 7, 
0x415e00 (new_do_write), 7, 
0x417d00 (_IO_new_file_overflow), 6, 
0x417dc4 (_IO_new_file_overflow), 6, 
0x409dc0 (__vfprintf_internal), 6, 
0x417200 (_IO_new_file_xsputn), 6, 
0x43eefc (_itoa_word), 6, 
0x4171f0 (_IO_new_file_xsputn), 6, 
0x406ee0 (__printf), 6, 
0x406e80 (__printf), 6, 
0x43ee40 (_itoa_word), 6, 
0x43ee30 (_itoa_word), 6, 
0x400b40 (read_line), 6, 
0x4176c0 (_IO_new_do_write), 6, 
0x409680 (__vfprintf_internal), 6, 
0x40967c (__vfprintf_internal), 6, 
0x409370 (__vfprintf_internal), 6, 
0x413640 (fgets), 6, 
0x41361c (fgets), 6, 
0x409600 (__vfprintf_internal), 6, 
0x4135e4 (fgets), 6, 
0x4095cc (__vfprintf_internal), 6, 
0x409e80 (__vfprintf_internal), 6, 
0x409e40 (__vfprintf_internal), 6, 
